Vivado Simulator v2025.1.0
Copyright 1986-2022 Xilinx, Inc. All Rights Reserved.
Copyright 2022-2025 Advanced Micro Devices, Inc. All Rights Reserved.
Running: Z:/Xilinx/2025.1/Vivado/bin/unwrapped/win64.o/xelab.exe --incr --debug typical --relax --mt 2 -L xil_defaultlib -L unisims_ver -L unimacro_ver -L secureip --snapshot tb_mic_recorder_behav xil_defaultlib.tb_mic_recorder xil_defaultlib.glbl -log elaborate.log 
Using 2 slave threads.
Starting static elaboration
Pass Through NonSizing Optimizer
Completed static elaboration
Starting simulation data flow analysis
WARNING: [XSIM 43-4099] "Z:/Piano-tuning/Sandbox/Microphone/MicrophoneA7/MicrophoneA7.srcs/sources_1/imports/rtl/mic_recorder.v" Line 1. Module mic_recorder doesn't have a timescale but at least one module in design has a timescale.
WARNING: [XSIM 43-4099] "Z:/Piano-tuning/Sandbox/Microphone/MicrophoneA7/MicrophoneA7.srcs/sources_1/imports/rtl/pdm_decoder.v" Line 1. Module pdm_decoder doesn't have a timescale but at least one module in design has a timescale.
WARNING: [XSIM 43-4099] "Z:/Piano-tuning/Sandbox/Microphone/MicrophoneA7/MicrophoneA7.srcs/sources_1/imports/rtl/audio_buffer.v" Line 1. Module audio_buffer_default doesn't have a timescale but at least one module in design has a timescale.
WARNING: [XSIM 43-4099] "Z:/Piano-tuning/Sandbox/Microphone/MicrophoneA7/MicrophoneA7.srcs/sources_1/imports/rtl/mic_recorder.v" Line 1. Module mic_recorder doesn't have a timescale but at least one module in design has a timescale.
WARNING: [XSIM 43-4099] "Z:/Piano-tuning/Sandbox/Microphone/MicrophoneA7/MicrophoneA7.srcs/sources_1/imports/rtl/pdm_decoder.v" Line 1. Module pdm_decoder doesn't have a timescale but at least one module in design has a timescale.
WARNING: [XSIM 43-4099] "Z:/Piano-tuning/Sandbox/Microphone/MicrophoneA7/MicrophoneA7.srcs/sources_1/imports/rtl/audio_buffer.v" Line 1. Module audio_buffer_default doesn't have a timescale but at least one module in design has a timescale.
Completed simulation data flow analysis
Time Resolution for simulation is 1ps
Compiling module xil_defaultlib.pdm_decoder
Compiling module xil_defaultlib.audio_buffer_default
Compiling module xil_defaultlib.mic_recorder
Compiling module xil_defaultlib.tb_mic_recorder
Compiling module xil_defaultlib.glbl
Built simulation snapshot tb_mic_recorder_behav
