Copyright 1986-2022 Xilinx, Inc. All Rights Reserved. Copyright 2022-2025 Advanced Micro Devices, Inc. All Rights Reserved.
---------------------------------------------------------------------------------------------------------------------------------------------
| Tool Version : Vivado v.2025.1 (win64) Build 6140274 Thu May 22 00:12:29 MDT 2025
| Date         : Sat Jul 18 16:43:52 2026
| Host         : LAPTOP-6STAFKCC running 64-bit major release  (build 9200)
| Command      : report_control_sets -verbose -file mic_recorder_control_sets_placed.rpt
| Design       : mic_recorder
| Device       : xc7a100t
---------------------------------------------------------------------------------------------------------------------------------------------

Control Set Information

Table of Contents
-----------------
1. Summary
2. Histogram
3. Flip-Flop Distribution
4. Detailed Control Set Information

1. Summary
----------

+----------------------------------------------------------+-------+
|                          Status                          | Count |
+----------------------------------------------------------+-------+
| Total control sets                                       |    10 |
|    Minimum number of control sets                        |    10 |
|    Addition due to synthesis replication                 |     0 |
|    Addition due to physical synthesis replication        |     0 |
| Unused register locations in slices containing registers |    29 |
+----------------------------------------------------------+-------+
* Control sets can be merged at opt_design using control_set_merge or merge_equivalent_drivers
** Run report_qor_suggestions for automated merging and remapping suggestions


2. Histogram
------------

+--------------------+-------+
|       Fanout       | Count |
+--------------------+-------+
| Total control sets |    10 |
| >= 0 to < 4        |     0 |
| >= 4 to < 6        |     0 |
| >= 6 to < 8        |     2 |
| >= 8 to < 10       |     2 |
| >= 10 to < 12      |     0 |
| >= 12 to < 14      |     1 |
| >= 14 to < 16      |     0 |
| >= 16              |     5 |
+--------------------+-------+
* Control sets can be remapped at either synth_design or opt_design


3. Flip-Flop Distribution
-------------------------

+--------------+-----------------------+------------------------+-----------------+--------------+
| Clock Enable | Synchronous Set/Reset | Asynchronous Set/Reset | Total Registers | Total Slices |
+--------------+-----------------------+------------------------+-----------------+--------------+
| No           | No                    | No                     |               0 |            0 |
| No           | No                    | Yes                    |               8 |            2 |
| No           | Yes                   | No                     |              74 |           25 |
| Yes          | No                    | No                     |               0 |            0 |
| Yes          | No                    | Yes                    |               0 |            0 |
| Yes          | Yes                   | No                     |              57 |           17 |
+--------------+-----------------------+------------------------+-----------------+--------------+


4. Detailed Control Set Information
-----------------------------------

+----------------------+-------------------------------------+-----------------------------------+------------------+----------------+--------------+
|     Clock Signal     |            Enable Signal            |          Set/Reset Signal         | Slice Load Count | Bel Load Count | Bels / Slice |
+----------------------+-------------------------------------+-----------------------------------+------------------+----------------+--------------+
|  CLK100MHZ_IBUF_BUFG |                                     | u_pdm_decoder/mclk_cnt[5]_i_1_n_0 |                1 |              6 |         6.00 |
|  CLK100MHZ_IBUF_BUFG | u_pdm_decoder/m_data_sample         | u_pdm_decoder/AR[0]               |                3 |              7 |         2.33 |
|  CLK100MHZ_IBUF_BUFG | u_pdm_decoder/m_data_sample         | u_pdm_decoder/ones_cnt[7]_i_1_n_0 |                2 |              8 |         4.00 |
|  CLK100MHZ_IBUF_BUFG | u_pdm_decoder/pcm_sample[7]_i_1_n_0 | u_pdm_decoder/AR[0]               |                2 |              8 |         4.00 |
|  CLK100MHZ_IBUF_BUFG |                                     | sample_timer[0]_i_1_n_0           |                4 |             13 |         3.25 |
|  CLK100MHZ_IBUF_BUFG | u_pdm_decoder/sel                   | record_count[0]_i_1_n_0           |                5 |             17 |         3.40 |
|  CLK100MHZ_IBUF_BUFG | play_count                          | play_count[0]_i_1_n_0             |                5 |             17 |         3.40 |
|  CLK100MHZ_IBUF_BUFG |                                     | sw_0_debounce_count[0]_i_1_n_0    |                5 |             20 |         4.00 |
|  CLK100MHZ_IBUF_BUFG |                                     | sw_15_debounce_count[0]_i_1_n_0   |                5 |             20 |         4.00 |
|  CLK100MHZ_IBUF_BUFG |                                     | u_pdm_decoder/AR[0]               |               12 |             23 |         1.92 |
+----------------------+-------------------------------------+-----------------------------------+------------------+----------------+--------------+


